<?xml version="1.0" encoding="UTF-8"?>
<!-- Generated by org.testng.reporters.JUnitXMLReporter -->
<testsuite ignored="1" hostname="LAPTOP-M1TC7PID" failures="0" tests="7" name="CarLoan" time="0.039" errors="0" timestamp="2025-02-12T08:24:18 IST">
  <testcase classname="TestngTest.day3" name="M1" time="0.003"/>
  <testcase classname="TestngTest.day3" name="M1" time="0.001"/>
  <testcase classname="TestngTest.day3" name="M1" time="0.001"/>
  <testcase classname="TestngTest.day3" name="MobileLoginCarLoan" time="0.0"/>
  <testcase classname="TestngTest.day3" name="WebLoginCarLoan" time="0.008"/>
  <testcase classname="TestngTest.day3" name="LoginAPICarLoan" time="0.0"/>
  <testcase classname="TestngTest.day3" name="MobileSignOutCarLoan" time="0.001"/>
  <testcase classname="TestngTest.day3" name="MobileSignInCarLoan" time="0.0">
    <ignored/>
  </testcase> <!-- MobileSignInCarLoan -->
</testsuite> <!-- CarLoan -->
