<?xml version="1.0" encoding="UTF-8"?>
<!-- Generated by org.testng.reporters.JUnitXMLReporter -->
<testsuite ignored="1" hostname="LAPTOP-M1TC7PID" failures="0" tests="5" name="Personal Loan" time="0.058" errors="0" timestamp="2025-02-12T08:24:18 IST">
  <testcase classname="TestngTest.day1" name="Demo" time="0.006"/>
  <testcase classname="TestngTest.day2" name="hju" time="0.002"/>
  <testcase classname="TestngTest.day4" name="LoginAPIHomeLoan" time="0.001"/>
  <testcase classname="TestngTest.day4" name="MobileLoginHomeLoan" time="0.002"/>
  <testcase classname="TestngTest.day4" name="WebLoginHomeLoan" time="0.002"/>
  <testcase classname="TestngTest.day1" name="second" time="0.0">
    <ignored/>
  </testcase> <!-- second -->
</testsuite> <!-- Personal Loan -->
