<?xml version="1.0" encoding="UTF-8"?>
<!-- Generated by org.testng.reporters.JUnitXMLReporter -->
<testsuite ignored="8" hostname="LAPTOP-M1TC7PID" failures="0" tests="4" name="Regression" time="0.06" errors="0" timestamp="2025-02-12T08:24:53 IST">
  <testcase classname="TestngTest.day1" name="second" time="0.01"/>
  <testcase classname="TestngTest.day2" name="hju" time="0.003"/>
  <testcase classname="TestngTest.day4" name="WebLoginHomeLoan" time="0.001"/>
  <testcase classname="TestngTest.day3" name="MobileLoginCarLoan" time="0.002"/>
  <testcase classname="TestngTest.day4" name="LoginAPIHomeLoan" time="0.0">
    <ignored/>
  </testcase> <!-- LoginAPIHomeLoan -->
  <testcase classname="TestngTest.day3" name="LoginAPICarLoan" time="0.0">
    <ignored/>
  </testcase> <!-- LoginAPICarLoan -->
  <testcase classname="TestngTest.day4" name="MobileLoginHomeLoan" time="0.0">
    <ignored/>
  </testcase> <!-- MobileLoginHomeLoan -->
  <testcase classname="TestngTest.day3" name="MobileSignInCarLoan" time="0.0">
    <ignored/>
  </testcase> <!-- MobileSignInCarLoan -->
  <testcase classname="TestngTest.day3" name="M1" time="0.0">
    <ignored/>
  </testcase> <!-- M1 -->
  <testcase classname="TestngTest.day1" name="Demo" time="0.0">
    <ignored/>
  </testcase> <!-- Demo -->
  <testcase classname="TestngTest.day3" name="WebLoginCarLoan" time="0.0">
    <ignored/>
  </testcase> <!-- WebLoginCarLoan -->
  <testcase classname="TestngTest.day3" name="MobileSignOutCarLoan" time="0.0">
    <ignored/>
  </testcase> <!-- MobileSignOutCarLoan -->
</testsuite> <!-- Regression -->
