<?xml version="1.0" encoding="UTF-8"?>
<testng-results ignored="8" total="12" passed="4" failed="0" skipped="0">
  <reporter-output>
  </reporter-output>
  <suite started-at="2025-02-12T08:24:53 IST" name="Loan Department" finished-at="2025-02-12T08:24:53 IST" duration-ms="60">
    <groups>
      <group name="Smoke">
        <method signature="day1.second()[pri:0, instance:TestngTest.day1@28eaa59a]" name="second" class="TestngTest.day1"/>
        <method signature="day2.hju()[pri:0, instance:TestngTest.day2@68999068]" name="hju" class="TestngTest.day2"/>
        <method signature="day3.MobileLoginCarLoan()[pri:0, instance:TestngTest.day3@291ae]" name="MobileLoginCarLoan" class="TestngTest.day3"/>
        <method signature="day4.WebLoginHomeLoan()[pri:0, instance:TestngTest.day4@7722c3c3]" name="WebLoginHomeLoan" class="TestngTest.day4"/>
      </group> <!-- Smoke -->
    </groups>
    <test started-at="2025-02-12T08:24:53 IST" name="Regression" finished-at="2025-02-12T08:24:53 IST" duration-ms="60">
      <class name="TestngTest.day3">
        <test-method signature="MobileLoginCarLoan()[pri:0, instance:TestngTest.day3@291ae]" started-at="2025-02-12T08:24:53 IST" name="MobileLoginCarLoan" finished-at="2025-02-12T08:24:53 IST" duration-ms="2" status="PASS">
          <reporter-output>
          </reporter-output>
        </test-method> <!-- MobileLoginCarLoan -->
      </class> <!-- TestngTest.day3 -->
      <class name="TestngTest.day4">
        <test-method signature="WebLoginHomeLoan()[pri:0, instance:TestngTest.day4@7722c3c3]" started-at="2025-02-12T08:24:53 IST" name="WebLoginHomeLoan" finished-at="2025-02-12T08:24:53 IST" duration-ms="1" status="PASS">
          <reporter-output>
          </reporter-output>
        </test-method> <!-- WebLoginHomeLoan -->
      </class> <!-- TestngTest.day4 -->
      <class name="TestngTest.day1">
        <test-method signature="second()[pri:0, instance:TestngTest.day1@28eaa59a]" started-at="2025-02-12T08:24:53 IST" name="second" finished-at="2025-02-12T08:24:53 IST" duration-ms="10" status="PASS">
          <reporter-output>
          </reporter-output>
        </test-method> <!-- second -->
      </class> <!-- TestngTest.day1 -->
      <class name="TestngTest.day2">
        <test-method signature="hju()[pri:0, instance:TestngTest.day2@68999068]" started-at="2025-02-12T08:24:53 IST" name="hju" finished-at="2025-02-12T08:24:53 IST" duration-ms="3" status="PASS">
          <reporter-output>
          </reporter-output>
        </test-method> <!-- hju -->
      </class> <!-- TestngTest.day2 -->
    </test> <!-- Regression -->
  </suite> <!-- Loan Department -->
</testng-results>
